Build started 2012-12-03 20:02:16.
     1>Project "D:\Projekty\MetodyObliczeniowe\MetodaEuleraIHeuna\MetodaEuleraIHeuna\MetodaEuleraIHeuna.vcxproj" on node 2 (build target(s)).
     1>InitializeBuildStatus:
         Creating "Debug\MetodaEuleraIHeuna.unsuccessfulbuild" because "AlwaysCreate" was specified.
       ClCompile:
         D:\Microsoft Visual Studio 10\VC\bin\CL.exe /c /ZI /nologo /W3 /WX- /Od /Oy- /D WIN32 /D _DEBUG /D _CONSOLE /D _UNICODE /D UNICODE /Gm /EHsc /RTC1 /MDd /GS /fp:precise /Zc:wchar_t /Zc:forScope /Fo"Debug\\" /Fd"Debug\vc100.pdb" /Gd /TP /analyze- /errorReport:prompt main.cpp
         main.cpp
       ManifestResourceCompile:
         All outputs are up-to-date.
       Link:
         D:\Microsoft Visual Studio 10\VC\bin\link.exe /ERRORREPORT:PROMPT /OUT:"D:\Projekty\MetodyObliczeniowe\MetodaEuleraIHeuna\Debug\MetodaEuleraIHeuna.exe" /INCREMENTAL /NOLOGO kernel32.lib user32.lib gdi32.lib winspool.lib comdlg32.lib advapi32.lib shell32.lib ole32.lib oleaut32.lib uuid.lib odbc32.lib odbccp32.lib /MANIFEST /ManifestFile:"Debug\MetodaEuleraIHeuna.exe.intermediate.manifest" /MANIFESTUAC:"level='asInvoker' uiAccess='false'" /DEBUG /PDB:"D:\Projekty\MetodyObliczeniowe\MetodaEuleraIHeuna\Debug\MetodaEuleraIHeuna.pdb" /SUBSYSTEM:CONSOLE /TLBID:1 /DYNAMICBASE /NXCOMPAT /IMPLIB:"D:\Projekty\MetodyObliczeniowe\MetodaEuleraIHeuna\Debug\MetodaEuleraIHeuna.lib" /MACHINE:X86 Debug\MetodaEuleraIHeuna.exe.embed.manifest.res
         Debug\main.obj
       Manifest:
         C:\Program Files (x86)\Microsoft SDKs\Windows\v7.0A\bin\mt.exe /nologo /verbose /out:"Debug\MetodaEuleraIHeuna.exe.embed.manifest" /manifest Debug\MetodaEuleraIHeuna.exe.intermediate.manifest
         All outputs are up-to-date.
       LinkEmbedManifest:
         All outputs are up-to-date.
         MetodaEuleraIHeuna.vcxproj -> D:\Projekty\MetodyObliczeniowe\MetodaEuleraIHeuna\Debug\MetodaEuleraIHeuna.exe
       FinalizeBuildStatus:
         Deleting file "Debug\MetodaEuleraIHeuna.unsuccessfulbuild".
         Touching "Debug\MetodaEuleraIHeuna.lastbuildstate".
     1>Done Building Project "D:\Projekty\MetodyObliczeniowe\MetodaEuleraIHeuna\MetodaEuleraIHeuna\MetodaEuleraIHeuna.vcxproj" (build target(s)).

Build succeeded.

Time Elapsed 00:00:01.92
